# JRE version: OpenJDK Runtime Environment (8.0_76-b03) (build 1.8.0_76-release-b03)
# Java VM: OpenJDK 64-Bit Server VM (25.76-b03 mixed mode windows-amd64 compressed oops)
Heap:
 PSYoungGen      total 140800K, used 49188K [0x00000000e0000000, 0x00000000eb800000, 0x0000000100000000)
  eden space 129536K, 31% used [0x00000000e0000000,0x00000000e27cfa28,0x00000000e7e80000)
  from space 11264K, 74% used [0x00000000e7e80000,0x00000000e86b98f0,0x00000000e8980000)
  to   space 11264K, 0% used [0x00000000ead00000,0x00000000ead00000,0x00000000eb800000)
 ParOldGen       total 87552K, used 23652K [0x00000000a0000000, 0x00000000a5580000, 0x00000000e0000000)
  object space 87552K, 27% used [0x00000000a0000000,0x00000000a17192b8,0x00000000a5580000)
 Metaspace       used 47015K, capacity 48258K, committed 48552K, reserved 1091584K
  class space    used 6322K, capacity 6569K, committed 6576K, reserved 1048576K
GC Heap History (10 events):
Event: 18.962 GC heap before
{Heap before GC invocations=9 (full 1):
 PSYoungGen      total 62464K, used 57269K [0x00000000e0000000, 0x00000000e6e00000, 0x0000000100000000)
  eden space 52224K, 100% used [0x00000000e0000000,0x00000000e3300000,0x00000000e3300000)
  from space 10240K, 49% used [0x00000000e3300000,0x00000000e37ed710,0x00000000e3d00000)
  to   space 10240K, 0% used [0x00000000e6400000,0x00000000e6400000,0x00000000e6e00000)
 ParOldGen       total 61440K, used 8619K [0x00000000a0000000, 0x00000000a3c00000, 0x00000000e0000000)
  object space 61440K, 14% used [0x00000000a0000000,0x00000000a086adc0,0x00000000a3c00000)
 Metaspace       used 30145K, capacity 30796K, committed 31152K, reserved 1077248K
  class space    used 4079K, capacity 4243K, committed 4272K, reserved 1048576K
Event: 18.977 GC heap after
Heap after GC invocations=9 (full 1):
 PSYoungGen      total 98304K, used 6292K [0x00000000e0000000, 0x00000000e6b80000, 0x0000000100000000)
  eden space 90624K, 0% used [0x00000000e0000000,0x00000000e0000000,0x00000000e5880000)
  from space 7680K, 81% used [0x00000000e6400000,0x00000000e6a25258,0x00000000e6b80000)
  to   space 9728K, 0% used [0x00000000e5880000,0x00000000e5880000,0x00000000e6200000)
 ParOldGen       total 61440K, used 8627K [0x00000000a0000000, 0x00000000a3c00000, 0x00000000e0000000)
  object space 61440K, 14% used [0x00000000a0000000,0x00000000a086cdc0,0x00000000a3c00000)
 Metaspace       used 30145K, capacity 30796K, committed 31152K, reserved 1077248K
  class space    used 4079K, capacity 4243K, committed 4272K, reserved 1048576K
}
Event: 19.930 GC heap before
{Heap before GC invocations=10 (full 1):
 PSYoungGen      total 98304K, used 70144K [0x00000000e0000000, 0x00000000e6b80000, 0x0000000100000000)
  eden space 90624K, 70% used [0x00000000e0000000,0x00000000e3e5b178,0x00000000e5880000)
  from space 7680K, 81% used [0x00000000e6400000,0x00000000e6a25258,0x00000000e6b80000)
  to   space 9728K, 0% used [0x00000000e5880000,0x00000000e5880000,0x00000000e6200000)
 ParOldGen       total 61440K, used 8627K [0x00000000a0000000, 0x00000000a3c00000, 0x00000000e0000000)
  object space 61440K, 14% used [0x00000000a0000000,0x00000000a086cdc0,0x00000000a3c00000)
 Metaspace       used 34461K, capacity 35086K, committed 35496K, reserved 1079296K
  class space    used 4622K, capacity 4772K, committed 4784K, reserved 1048576K
Event: 19.953 GC heap after
Heap after GC invocations=10 (full 1):
 PSYoungGen      total 100352K, used 7601K [0x00000000e0000000, 0x00000000e9480000, 0x0000000100000000)
  eden space 90624K, 0% used [0x00000000e0000000,0x00000000e0000000,0x00000000e5880000)
  from space 9728K, 78% used [0x00000000e5880000,0x00000000e5fec508,0x00000000e6200000)
  to   space 10240K, 0% used [0x00000000e8a80000,0x00000000e8a80000,0x00000000e9480000)
 ParOldGen       total 61440K, used 11127K [0x00000000a0000000, 0x00000000a3c00000, 0x00000000e0000000)
  object space 61440K, 18% used [0x00000000a0000000,0x00000000a0addde0,0x00000000a3c00000)
 Metaspace       used 34461K, capacity 35086K, committed 35496K, reserved 1079296K
  class space    used 4622K, capacity 4772K, committed 4784K, reserved 1048576K
}
Event: 19.953 GC heap before
{Heap before GC invocations=11 (full 2):
 PSYoungGen      total 100352K, used 7601K [0x00000000e0000000, 0x00000000e9480000, 0x0000000100000000)
  eden space 90624K, 0% used [0x00000000e0000000,0x00000000e0000000,0x00000000e5880000)
  from space 9728K, 78% used [0x00000000e5880000,0x00000000e5fec508,0x00000000e6200000)
  to   space 10240K, 0% used [0x00000000e8a80000,0x00000000e8a80000,0x00000000e9480000)
 ParOldGen       total 61440K, used 11127K [0x00000000a0000000, 0x00000000a3c00000, 0x00000000e0000000)
  object space 61440K, 18% used [0x00000000a0000000,0x00000000a0addde0,0x00000000a3c00000)
 Metaspace       used 34461K, capacity 35086K, committed 35496K, reserved 1079296K
  class space    used 4622K, capacity 4772K, committed 4784K, reserved 1048576K
Event: 20.093 GC heap after
Heap after GC invocations=11 (full 2):
 PSYoungGen      total 100352K, used 0K [0x00000000e0000000, 0x00000000e9480000, 0x0000000100000000)
  eden space 90624K, 0% used [0x00000000e0000000,0x00000000e0000000,0x00000000e5880000)
  from space 9728K, 0% used [0x00000000e5880000,0x00000000e5880000,0x00000000e6200000)
  to   space 10240K, 0% used [0x00000000e8a80000,0x00000000e8a80000,0x00000000e9480000)
 ParOldGen       total 87552K, used 16776K [0x00000000a0000000, 0x00000000a5580000, 0x00000000e0000000)
  object space 87552K, 19% used [0x00000000a0000000,0x00000000a1062300,0x00000000a5580000)
 Metaspace       used 34461K, capacity 35086K, committed 35496K, reserved 1079296K
  class space    used 4622K, capacity 4772K, committed 4784K, reserved 1048576K
}
Event: 21.943 GC heap before
{Heap before GC invocations=12 (full 2):
 PSYoungGen      total 100352K, used 90624K [0x00000000e0000000, 0x00000000e9480000, 0x0000000100000000)
  eden space 90624K, 100% used [0x00000000e0000000,0x00000000e5880000,0x00000000e5880000)
  from space 9728K, 0% used [0x00000000e5880000,0x00000000e5880000,0x00000000e6200000)
  to   space 10240K, 0% used [0x00000000e8a80000,0x00000000e8a80000,0x00000000e9480000)
 ParOldGen       total 87552K, used 16776K [0x00000000a0000000, 0x00000000a5580000, 0x00000000e0000000)
  object space 87552K, 19% used [0x00000000a0000000,0x00000000a1062300,0x00000000a5580000)
 Metaspace       used 42099K, capacity 42942K, committed 43304K, reserved 1087488K
  class space    used 5622K, capacity 5809K, committed 5936K, reserved 1048576K
Event: 21.967 GC heap after
Heap after GC invocations=12 (full 2):
 PSYoungGen      total 133632K, used 10060K [0x00000000e0000000, 0x00000000e9480000, 0x0000000100000000)
  eden space 123392K, 0% used [0x00000000e0000000,0x00000000e0000000,0x00000000e7880000)
  from space 10240K, 98% used [0x00000000e8a80000,0x00000000e9453140,0x00000000e9480000)
  to   space 11264K, 0% used [0x00000000e7e80000,0x00000000e7e80000,0x00000000e8980000)
 ParOldGen       total 87552K, used 16784K [0x00000000a0000000, 0x00000000a5580000, 0x00000000e0000000)
  object space 87552K, 19% used [0x00000000a0000000,0x00000000a1064300,0x00000000a5580000)
 Metaspace       used 42099K, capacity 42942K, committed 43304K, reserved 1087488K
  class space    used 5622K, capacity 5809K, committed 5936K, reserved 1048576K
}
Event: 24.464 GC heap before
{Heap before GC invocations=13 (full 2):
 PSYoungGen      total 133632K, used 133452K [0x00000000e0000000, 0x00000000e9480000, 0x0000000100000000)
  eden space 123392K, 100% used [0x00000000e0000000,0x00000000e7880000,0x00000000e7880000)
  from space 10240K, 98% used [0x00000000e8a80000,0x00000000e9453140,0x00000000e9480000)
  to   space 11264K, 0% used [0x00000000e7e80000,0x00000000e7e80000,0x00000000e8980000)
 ParOldGen       total 87552K, used 16784K [0x00000000a0000000, 0x00000000a5580000, 0x00000000e0000000)
  object space 87552K, 19% used [0x00000000a0000000,0x00000000a1064300,0x00000000a5580000)
 Metaspace       used 45542K, capacity 46740K, committed 46888K, reserved 1089536K
  class space    used 6109K, capacity 6376K, committed 6448K, reserved 1048576K
Event: 24.491 GC heap after
Heap after GC invocations=13 (full 2):
 PSYoungGen      total 140800K, used 8422K [0x00000000e0000000, 0x00000000eb800000, 0x0000000100000000)
  eden space 129536K, 0% used [0x00000000e0000000,0x00000000e0000000,0x00000000e7e80000)
  from space 11264K, 74% used [0x00000000e7e80000,0x00000000e86b98f0,0x00000000e8980000)
  to   space 11264K, 0% used [0x00000000ead00000,0x00000000ead00000,0x00000000eb800000)
 ParOldGen       total 87552K, used 23652K [0x00000000a0000000, 0x00000000a5580000, 0x00000000e0000000)
  object space 87552K, 27% used [0x00000000a0000000,0x00000000a17192b8,0x00000000a5580000)
 Metaspace       used 45542K, capacity 46740K, committed 46888K, reserved 1089536K
  class space    used 6109K, capacity 6376K, committed 6448K, reserved 1048576K
}

