# JRE version: OpenJDK Runtime Environment (8.0_76-b03) (build 1.8.0_76-release-b03)
# Java VM: OpenJDK 64-Bit Server VM (25.76-b03 mixed mode windows-amd64 compressed oops)
Heap:
 PSYoungGen      total 220672K, used 142625K [0x00000000e0000000, 0x00000000f0380000, 0x0000000100000000)
  eden space 198144K, 67% used [0x00000000e0000000,0x00000000e837f030,0x00000000ec180000)
  from space 22528K, 35% used [0x00000000ecc00000,0x00000000ed3c9530,0x00000000ee200000)
  to   space 33792K, 0% used [0x00000000ee280000,0x00000000ee280000,0x00000000f0380000)
 ParOldGen       total 91136K, used 59275K [0x00000000a0000000, 0x00000000a5900000, 0x00000000e0000000)
  object space 91136K, 65% used [0x00000000a0000000,0x00000000a39e2fd8,0x00000000a5900000)
 Metaspace       used 71952K, capacity 75220K, committed 75520K, reserved 1114112K
  class space    used 9401K, capacity 10183K, committed 10240K, reserved 1048576K
GC Heap History (10 events):
Event: 930.963 GC heap before
{Heap before GC invocations=22 (full 3):
 PSYoungGen      total 187392K, used 186984K [0x00000000e0000000, 0x00000000ef800000, 0x0000000100000000)
  eden space 171520K, 100% used [0x00000000e0000000,0x00000000ea780000,0x00000000ea780000)
  from space 15872K, 97% used [0x00000000ee880000,0x00000000ef79a170,0x00000000ef800000)
  to   space 22528K, 0% used [0x00000000ecc00000,0x00000000ecc00000,0x00000000ee200000)
 ParOldGen       total 91136K, used 42216K [0x00000000a0000000, 0x00000000a5900000, 0x00000000e0000000)
  object space 91136K, 46% used [0x00000000a0000000,0x00000000a293a238,0x00000000a5900000)
 Metaspace       used 68457K, capacity 71080K, committed 71296K, reserved 1112064K
  class space    used 8938K, capacity 9537K, committed 9600K, reserved 1048576K
Event: 931.014 GC heap after
Heap after GC invocations=22 (full 3):
 PSYoungGen      total 220672K, used 22518K [0x00000000e0000000, 0x00000000f0380000, 0x0000000100000000)
  eden space 198144K, 0% used [0x00000000e0000000,0x00000000e0000000,0x00000000ec180000)
  from space 22528K, 99% used [0x00000000ecc00000,0x00000000ee1fd948,0x00000000ee200000)
  to   space 33792K, 0% used [0x00000000ee280000,0x00000000ee280000,0x00000000f0380000)
 ParOldGen       total 91136K, used 64206K [0x00000000a0000000, 0x00000000a5900000, 0x00000000e0000000)
  object space 91136K, 70% used [0x00000000a0000000,0x00000000a3eb3930,0x00000000a5900000)
 Metaspace       used 68457K, capacity 71080K, committed 71296K, reserved 1112064K
  class space    used 8938K, capacity 9537K, committed 9600K, reserved 1048576K
}
Event: 932.455 GC heap before
{Heap before GC invocations=23 (full 3):
 PSYoungGen      total 220672K, used 220662K [0x00000000e0000000, 0x00000000f0380000, 0x0000000100000000)
  eden space 198144K, 100% used [0x00000000e0000000,0x00000000ec180000,0x00000000ec180000)
  from space 22528K, 99% used [0x00000000ecc00000,0x00000000ee1fd948,0x00000000ee200000)
  to   space 33792K, 0% used [0x00000000ee280000,0x00000000ee280000,0x00000000f0380000)
 ParOldGen       total 91136K, used 64206K [0x00000000a0000000, 0x00000000a5900000, 0x00000000e0000000)
  object space 91136K, 70% used [0x00000000a0000000,0x00000000a3eb3930,0x00000000a5900000)
 Metaspace       used 68838K, capacity 71498K, committed 71808K, reserved 1112064K
  class space    used 8960K, capacity 9570K, committed 9600K, reserved 1048576K
Event: 932.531 GC heap after
Heap after GC invocations=23 (full 3):
 PSYoungGen      total 231936K, used 33790K [0x00000000e0000000, 0x00000000f0380000, 0x0000000100000000)
  eden space 198144K, 0% used [0x00000000e0000000,0x00000000e0000000,0x00000000ec180000)
  from space 33792K, 99% used [0x00000000ee280000,0x00000000f037f8e0,0x00000000f0380000)
  to   space 22528K, 0% used [0x00000000ecc00000,0x00000000ecc00000,0x00000000ee200000)
 ParOldGen       total 91136K, used 83466K [0x00000000a0000000, 0x00000000a5900000, 0x00000000e0000000)
  object space 91136K, 91% used [0x00000000a0000000,0x00000000a5182880,0x00000000a5900000)
 Metaspace       used 68838K, capacity 71498K, committed 71808K, reserved 1112064K
  class space    used 8960K, capacity 9570K, committed 9600K, reserved 1048576K
}
Event: 932.531 GC heap before
{Heap before GC invocations=24 (full 4):
 PSYoungGen      total 231936K, used 33790K [0x00000000e0000000, 0x00000000f0380000, 0x0000000100000000)
  eden space 198144K, 0% used [0x00000000e0000000,0x00000000e0000000,0x00000000ec180000)
  from space 33792K, 99% used [0x00000000ee280000,0x00000000f037f8e0,0x00000000f0380000)
  to   space 22528K, 0% used [0x00000000ecc00000,0x00000000ecc00000,0x00000000ee200000)
 ParOldGen       total 91136K, used 83466K [0x00000000a0000000, 0x00000000a5900000, 0x00000000e0000000)
  object space 91136K, 91% used [0x00000000a0000000,0x00000000a5182880,0x00000000a5900000)
 Metaspace       used 68838K, capacity 71498K, committed 71808K, reserved 1112064K
  class space    used 8960K, capacity 9570K, committed 9600K, reserved 1048576K
Event: 933.214 GC heap after
Heap after GC invocations=24 (full 4):
 PSYoungGen      total 231936K, used 3565K [0x00000000e0000000, 0x00000000f0380000, 0x0000000100000000)
  eden space 198144K, 0% used [0x00000000e0000000,0x00000000e0000000,0x00000000ec180000)
  from space 33792K, 10% used [0x00000000ee280000,0x00000000ee5fb5c0,0x00000000f0380000)
  to   space 22528K, 0% used [0x00000000ecc00000,0x00000000ecc00000,0x00000000ee200000)
 ParOldGen       total 91136K, used 90936K [0x00000000a0000000, 0x00000000a5900000, 0x00000000e0000000)
  object space 91136K, 99% used [0x00000000a0000000,0x00000000a58ce3a0,0x00000000a5900000)
 Metaspace       used 68834K, capacity 71486K, committed 71808K, reserved 1112064K
  class space    used 8959K, capacity 9568K, committed 9600K, reserved 1048576K
}
Event: 935.459 GC heap before
{Heap before GC invocations=25 (full 5):
 PSYoungGen      total 231936K, used 200436K [0x00000000e0000000, 0x00000000f0380000, 0x0000000100000000)
  eden space 198144K, 99% used [0x00000000e0000000,0x00000000ec041c48,0x00000000ec180000)
  from space 33792K, 10% used [0x00000000ee280000,0x00000000ee5fb5c0,0x00000000f0380000)
  to   space 22528K, 0% used [0x00000000ecc00000,0x00000000ecc00000,0x00000000ee200000)
 ParOldGen       total 91136K, used 90936K [0x00000000a0000000, 0x00000000a5900000, 0x00000000e0000000)
  object space 91136K, 99% used [0x00000000a0000000,0x00000000a58ce3a0,0x00000000a5900000)
 Metaspace       used 70188K, capacity 72940K, committed 73088K, reserved 1112064K
  class space    used 9139K, capacity 9809K, committed 9856K, reserved 1048576K
Event: 935.731 GC heap after
Heap after GC invocations=25 (full 5):
 PSYoungGen      total 231936K, used 0K [0x00000000e0000000, 0x00000000f0380000, 0x0000000100000000)
  eden space 198144K, 0% used [0x00000000e0000000,0x00000000e0000000,0x00000000ec180000)
  from space 33792K, 0% used [0x00000000ee280000,0x00000000ee280000,0x00000000f0380000)
  to   space 22528K, 0% used [0x00000000ecc00000,0x00000000ecc00000,0x00000000ee200000)
 ParOldGen       total 91136K, used 59267K [0x00000000a0000000, 0x00000000a5900000, 0x00000000e0000000)
  object space 91136K, 65% used [0x00000000a0000000,0x00000000a39e0fd8,0x00000000a5900000)
 Metaspace       used 70188K, capacity 72940K, committed 73088K, reserved 1112064K
  class space    used 9139K, capacity 9809K, committed 9856K, reserved 1048576K
}
Event: 1060.545 GC heap before
{Heap before GC invocations=26 (full 5):
 PSYoungGen      total 231936K, used 198144K [0x00000000e0000000, 0x00000000f0380000, 0x0000000100000000)
  eden space 198144K, 100% used [0x00000000e0000000,0x00000000ec180000,0x00000000ec180000)
  from space 33792K, 0% used [0x00000000ee280000,0x00000000ee280000,0x00000000f0380000)
  to   space 22528K, 0% used [0x00000000ecc00000,0x00000000ecc00000,0x00000000ee200000)
 ParOldGen       total 91136K, used 59267K [0x00000000a0000000, 0x00000000a5900000, 0x00000000e0000000)
  object space 91136K, 65% used [0x00000000a0000000,0x00000000a39e0fd8,0x00000000a5900000)
 Metaspace       used 71760K, capacity 75036K, committed 75264K, reserved 1114112K
  class space    used 9390K, capacity 10163K, committed 10240K, reserved 1048576K
Event: 1060.573 GC heap after
Heap after GC invocations=26 (full 5):
 PSYoungGen      total 220672K, used 7973K [0x00000000e0000000, 0x00000000f0380000, 0x0000000100000000)
  eden space 198144K, 0% used [0x00000000e0000000,0x00000000e0000000,0x00000000ec180000)
  from space 22528K, 35% used [0x00000000ecc00000,0x00000000ed3c9530,0x00000000ee200000)
  to   space 33792K, 0% used [0x00000000ee280000,0x00000000ee280000,0x00000000f0380000)
 ParOldGen       total 91136K, used 59275K [0x00000000a0000000, 0x00000000a5900000, 0x00000000e0000000)
  object space 91136K, 65% used [0x00000000a0000000,0x00000000a39e2fd8,0x00000000a5900000)
 Metaspace       used 71760K, capacity 75036K, committed 75264K, reserved 1114112K
  class space    used 9390K, capacity 10163K, committed 10240K, reserved 1048576K
}

