# JRE version: OpenJDK Runtime Environment (8.0_76-b03) (build 1.8.0_76-release-b03)
# Java VM: OpenJDK 64-Bit Server VM (25.76-b03 mixed mode windows-amd64 compressed oops)
Heap:
 PSYoungGen      total 57856K, used 19854K [0x00000000e0000000, 0x00000000e5580000, 0x0000000100000000)
  eden space 47104K, 29% used [0x00000000e0000000,0x00000000e0dc3030,0x00000000e2e00000)
  from space 10752K, 53% used [0x00000000e2e00000,0x00000000e33a0a48,0x00000000e3880000)
  to   space 10240K, 0% used [0x00000000e4b80000,0x00000000e4b80000,0x00000000e5580000)
 ParOldGen       total 69120K, used 9370K [0x00000000a0000000, 0x00000000a4380000, 0x00000000e0000000)
  object space 69120K, 13% used [0x00000000a0000000,0x00000000a0926960,0x00000000a4380000)
 Metaspace       used 28688K, capacity 29306K, committed 29488K, reserved 1075200K
  class space    used 3915K, capacity 4105K, committed 4144K, reserved 1048576K
GC Heap History (10 events):
Event: 9.343 GC heap before
{Heap before GC invocations=4 (full 0):
 PSYoungGen      total 38400K, used 29023K [0x00000000e0000000, 0x00000000e2a80000, 0x0000000100000000)
  eden space 33280K, 71% used [0x00000000e0000000,0x00000000e1757d50,0x00000000e2080000)
  from space 5120K, 100% used [0x00000000e2080000,0x00000000e2580000,0x00000000e2580000)
  to   space 5120K, 0% used [0x00000000e2580000,0x00000000e2580000,0x00000000e2a80000)
 ParOldGen       total 87552K, used 5222K [0x00000000a0000000, 0x00000000a5580000, 0x00000000e0000000)
  object space 87552K, 5% used [0x00000000a0000000,0x00000000a0519ab0,0x00000000a5580000)
 Metaspace       used 20814K, capacity 21252K, committed 21296K, reserved 1067008K
  class space    used 2704K, capacity 2858K, committed 2864K, reserved 1048576K
Event: 9.361 GC heap after
Heap after GC invocations=4 (full 0):
 PSYoungGen      total 38400K, used 5088K [0x00000000e0000000, 0x00000000e2a80000, 0x0000000100000000)
  eden space 33280K, 0% used [0x00000000e0000000,0x00000000e0000000,0x00000000e2080000)
  from space 5120K, 99% used [0x00000000e2580000,0x00000000e2a78020,0x00000000e2a80000)
  to   space 5120K, 0% used [0x00000000e2080000,0x00000000e2080000,0x00000000e2580000)
 ParOldGen       total 87552K, used 8350K [0x00000000a0000000, 0x00000000a5580000, 0x00000000e0000000)
  object space 87552K, 9% used [0x00000000a0000000,0x00000000a0827aa0,0x00000000a5580000)
 Metaspace       used 20814K, capacity 21252K, committed 21296K, reserved 1067008K
  class space    used 2704K, capacity 2858K, committed 2864K, reserved 1048576K
}
Event: 9.361 GC heap before
{Heap before GC invocations=5 (full 1):
 PSYoungGen      total 38400K, used 5088K [0x00000000e0000000, 0x00000000e2a80000, 0x0000000100000000)
  eden space 33280K, 0% used [0x00000000e0000000,0x00000000e0000000,0x00000000e2080000)
  from space 5120K, 99% used [0x00000000e2580000,0x00000000e2a78020,0x00000000e2a80000)
  to   space 5120K, 0% used [0x00000000e2080000,0x00000000e2080000,0x00000000e2580000)
 ParOldGen       total 87552K, used 8350K [0x00000000a0000000, 0x00000000a5580000, 0x00000000e0000000)
  object space 87552K, 9% used [0x00000000a0000000,0x00000000a0827aa0,0x00000000a5580000)
 Metaspace       used 20814K, capacity 21252K, committed 21296K, reserved 1067008K
  class space    used 2704K, capacity 2858K, committed 2864K, reserved 1048576K
Event: 9.475 GC heap after
Heap after GC invocations=5 (full 1):
 PSYoungGen      total 38400K, used 0K [0x00000000e0000000, 0x00000000e2a80000, 0x0000000100000000)
  eden space 33280K, 0% used [0x00000000e0000000,0x00000000e0000000,0x00000000e2080000)
  from space 5120K, 0% used [0x00000000e2580000,0x00000000e2580000,0x00000000e2a80000)
  to   space 5120K, 0% used [0x00000000e2080000,0x00000000e2080000,0x00000000e2580000)
 ParOldGen       total 69120K, used 9354K [0x00000000a0000000, 0x00000000a4380000, 0x00000000e0000000)
  object space 69120K, 13% used [0x00000000a0000000,0x00000000a0922960,0x00000000a4380000)
 Metaspace       used 20814K, capacity 21252K, committed 21296K, reserved 1067008K
  class space    used 2704K, capacity 2858K, committed 2864K, reserved 1048576K
}
Event: 10.301 GC heap before
{Heap before GC invocations=6 (full 1):
 PSYoungGen      total 38400K, used 33280K [0x00000000e0000000, 0x00000000e2a80000, 0x0000000100000000)
  eden space 33280K, 100% used [0x00000000e0000000,0x00000000e2080000,0x00000000e2080000)
  from space 5120K, 0% used [0x00000000e2580000,0x00000000e2580000,0x00000000e2a80000)
  to   space 5120K, 0% used [0x00000000e2080000,0x00000000e2080000,0x00000000e2580000)
 ParOldGen       total 69120K, used 9354K [0x00000000a0000000, 0x00000000a4380000, 0x00000000e0000000)
  object space 69120K, 13% used [0x00000000a0000000,0x00000000a0922960,0x00000000a4380000)
 Metaspace       used 23454K, capacity 24040K, committed 24112K, reserved 1071104K
  class space    used 3133K, capacity 3317K, committed 3376K, reserved 1048576K
Event: 10.312 GC heap after
Heap after GC invocations=6 (full 1):
 PSYoungGen      total 38400K, used 4421K [0x00000000e0000000, 0x00000000e4300000, 0x0000000100000000)
  eden space 33280K, 0% used [0x00000000e0000000,0x00000000e0000000,0x00000000e2080000)
  from space 5120K, 86% used [0x00000000e2080000,0x00000000e24d1720,0x00000000e2580000)
  to   space 10752K, 0% used [0x00000000e3880000,0x00000000e3880000,0x00000000e4300000)
 ParOldGen       total 69120K, used 9354K [0x00000000a0000000, 0x00000000a4380000, 0x00000000e0000000)
  object space 69120K, 13% used [0x00000000a0000000,0x00000000a0922960,0x00000000a4380000)
 Metaspace       used 23454K, capacity 24040K, committed 24112K, reserved 1071104K
  class space    used 3133K, capacity 3317K, committed 3376K, reserved 1048576K
}
Event: 11.018 GC heap before
{Heap before GC invocations=7 (full 1):
 PSYoungGen      total 38400K, used 37701K [0x00000000e0000000, 0x00000000e4300000, 0x0000000100000000)
  eden space 33280K, 100% used [0x00000000e0000000,0x00000000e2080000,0x00000000e2080000)
  from space 5120K, 86% used [0x00000000e2080000,0x00000000e24d1720,0x00000000e2580000)
  to   space 10752K, 0% used [0x00000000e3880000,0x00000000e3880000,0x00000000e4300000)
 ParOldGen       total 69120K, used 9354K [0x00000000a0000000, 0x00000000a4380000, 0x00000000e0000000)
  object space 69120K, 13% used [0x00000000a0000000,0x00000000a0922960,0x00000000a4380000)
 Metaspace       used 25939K, capacity 26526K, committed 26800K, reserved 1073152K
  class space    used 3561K, capacity 3713K, committed 3760K, reserved 1048576K
Event: 11.026 GC heap after
Heap after GC invocations=7 (full 1):
 PSYoungGen      total 57856K, used 5166K [0x00000000e0000000, 0x00000000e4380000, 0x0000000100000000)
  eden space 47104K, 0% used [0x00000000e0000000,0x00000000e0000000,0x00000000e2e00000)
  from space 10752K, 48% used [0x00000000e3880000,0x00000000e3d8bbf0,0x00000000e4300000)
  to   space 10752K, 0% used [0x00000000e2e00000,0x00000000e2e00000,0x00000000e3880000)
 ParOldGen       total 69120K, used 9362K [0x00000000a0000000, 0x00000000a4380000, 0x00000000e0000000)
  object space 69120K, 13% used [0x00000000a0000000,0x00000000a0924960,0x00000000a4380000)
 Metaspace       used 25939K, capacity 26526K, committed 26800K, reserved 1073152K
  class space    used 3561K, capacity 3713K, committed 3760K, reserved 1048576K
}
Event: 12.037 GC heap before
{Heap before GC invocations=8 (full 1):
 PSYoungGen      total 57856K, used 52270K [0x00000000e0000000, 0x00000000e4380000, 0x0000000100000000)
  eden space 47104K, 100% used [0x00000000e0000000,0x00000000e2e00000,0x00000000e2e00000)
  from space 10752K, 48% used [0x00000000e3880000,0x00000000e3d8bbf0,0x00000000e4300000)
  to   space 10752K, 0% used [0x00000000e2e00000,0x00000000e2e00000,0x00000000e3880000)
 ParOldGen       total 69120K, used 9362K [0x00000000a0000000, 0x00000000a4380000, 0x00000000e0000000)
  object space 69120K, 13% used [0x00000000a0000000,0x00000000a0924960,0x00000000a4380000)
 Metaspace       used 28605K, capacity 29306K, committed 29488K, reserved 1075200K
  class space    used 3914K, capacity 4105K, committed 4144K, reserved 1048576K
Event: 12.046 GC heap after
Heap after GC invocations=8 (full 1):
 PSYoungGen      total 57856K, used 5762K [0x00000000e0000000, 0x00000000e5580000, 0x0000000100000000)
  eden space 47104K, 0% used [0x00000000e0000000,0x00000000e0000000,0x00000000e2e00000)
  from space 10752K, 53% used [0x00000000e2e00000,0x00000000e33a0a48,0x00000000e3880000)
  to   space 10240K, 0% used [0x00000000e4b80000,0x00000000e4b80000,0x00000000e5580000)
 ParOldGen       total 69120K, used 9370K [0x00000000a0000000, 0x00000000a4380000, 0x00000000e0000000)
  object space 69120K, 13% used [0x00000000a0000000,0x00000000a0926960,0x00000000a4380000)
 Metaspace       used 28605K, capacity 29306K, committed 29488K, reserved 1075200K
  class space    used 3914K, capacity 4105K, committed 4144K, reserved 1048576K
}

