# JRE version: OpenJDK Runtime Environment (8.0_76-b03) (build 1.8.0_76-release-b03)
# Java VM: OpenJDK 64-Bit Server VM (25.76-b03 mixed mode windows-amd64 compressed oops)
Heap:
 PSYoungGen      total 127488K, used 45166K [0x00000000e0000000, 0x00000000e9880000, 0x0000000100000000)
  eden space 104448K, 37% used [0x00000000e0000000,0x00000000e26709f0,0x00000000e6600000)
  from space 23040K, 25% used [0x00000000e8200000,0x00000000e87ab0f8,0x00000000e9880000)
  to   space 20992K, 0% used [0x00000000e6600000,0x00000000e6600000,0x00000000e7a80000)
 ParOldGen       total 104960K, used 43675K [0x00000000a0000000, 0x00000000a6680000, 0x00000000e0000000)
  object space 104960K, 41% used [0x00000000a0000000,0x00000000a2aa6c00,0x00000000a6680000)
 Metaspace       used 57500K, capacity 59822K, committed 59904K, reserved 1101824K
  class space    used 7849K, capacity 8406K, committed 8448K, reserved 1048576K
GC Heap History (10 events):
Event: 41.839 GC heap before
{Heap before GC invocations=15 (full 2):
 PSYoungGen      total 98816K, used 98257K [0x00000000e0000000, 0x00000000e6e00000, 0x0000000100000000)
  eden space 88064K, 100% used [0x00000000e0000000,0x00000000e5600000,0x00000000e5600000)
  from space 10752K, 94% used [0x00000000e6380000,0x00000000e6d74510,0x00000000e6e00000)
  to   space 12288K, 0% used [0x00000000e5600000,0x00000000e5600000,0x00000000e6200000)
 ParOldGen       total 104960K, used 15564K [0x00000000a0000000, 0x00000000a6680000, 0x00000000e0000000)
  object space 104960K, 14% used [0x00000000a0000000,0x00000000a0f33100,0x00000000a6680000)
 Metaspace       used 47545K, capacity 48856K, committed 49024K, reserved 1091584K
  class space    used 6393K, capacity 6668K, committed 6784K, reserved 1048576K
Event: 42.100 GC heap after
Heap after GC invocations=15 (full 2):
 PSYoungGen      total 100352K, used 12275K [0x00000000e0000000, 0x00000000e8980000, 0x0000000100000000)
  eden space 88064K, 0% used [0x00000000e0000000,0x00000000e0000000,0x00000000e5600000)
  from space 12288K, 99% used [0x00000000e5600000,0x00000000e61fce88,0x00000000e6200000)
  to   space 15360K, 0% used [0x00000000e7a80000,0x00000000e7a80000,0x00000000e8980000)
 ParOldGen       total 104960K, used 20064K [0x00000000a0000000, 0x00000000a6680000, 0x00000000e0000000)
  object space 104960K, 19% used [0x00000000a0000000,0x00000000a13981e0,0x00000000a6680000)
 Metaspace       used 47545K, capacity 48856K, committed 49024K, reserved 1091584K
  class space    used 6393K, capacity 6668K, committed 6784K, reserved 1048576K
}
Event: 47.651 GC heap before
{Heap before GC invocations=16 (full 2):
 PSYoungGen      total 100352K, used 100339K [0x00000000e0000000, 0x00000000e8980000, 0x0000000100000000)
  eden space 88064K, 100% used [0x00000000e0000000,0x00000000e5600000,0x00000000e5600000)
  from space 12288K, 99% used [0x00000000e5600000,0x00000000e61fce88,0x00000000e6200000)
  to   space 15360K, 0% used [0x00000000e7a80000,0x00000000e7a80000,0x00000000e8980000)
 ParOldGen       total 104960K, used 20064K [0x00000000a0000000, 0x00000000a6680000, 0x00000000e0000000)
  object space 104960K, 19% used [0x00000000a0000000,0x00000000a13981e0,0x00000000a6680000)
 Metaspace       used 50501K, capacity 52086K, committed 52352K, reserved 1093632K
  class space    used 6852K, capacity 7250K, committed 7296K, reserved 1048576K
Event: 47.829 GC heap after
Heap after GC invocations=16 (full 2):
 PSYoungGen      total 119808K, used 15328K [0x00000000e0000000, 0x00000000e9480000, 0x0000000100000000)
  eden space 104448K, 0% used [0x00000000e0000000,0x00000000e0000000,0x00000000e6600000)
  from space 15360K, 99% used [0x00000000e7a80000,0x00000000e89781f8,0x00000000e8980000)
  to   space 20992K, 0% used [0x00000000e6600000,0x00000000e6600000,0x00000000e7a80000)
 ParOldGen       total 104960K, used 29121K [0x00000000a0000000, 0x00000000a6680000, 0x00000000e0000000)
  object space 104960K, 27% used [0x00000000a0000000,0x00000000a1c70450,0x00000000a6680000)
 Metaspace       used 50501K, capacity 52086K, committed 52352K, reserved 1093632K
  class space    used 6852K, capacity 7250K, committed 7296K, reserved 1048576K
}
Event: 49.368 GC heap before
{Heap before GC invocations=17 (full 2):
 PSYoungGen      total 119808K, used 63479K [0x00000000e0000000, 0x00000000e9480000, 0x0000000100000000)
  eden space 104448K, 46% used [0x00000000e0000000,0x00000000e2f05bb0,0x00000000e6600000)
  from space 15360K, 99% used [0x00000000e7a80000,0x00000000e89781f8,0x00000000e8980000)
  to   space 20992K, 0% used [0x00000000e6600000,0x00000000e6600000,0x00000000e7a80000)
 ParOldGen       total 104960K, used 29121K [0x00000000a0000000, 0x00000000a6680000, 0x00000000e0000000)
  object space 104960K, 27% used [0x00000000a0000000,0x00000000a1c70450,0x00000000a6680000)
 Metaspace       used 52013K, capacity 54070K, committed 54272K, reserved 1095680K
  class space    used 7122K, capacity 7660K, committed 7680K, reserved 1048576K
Event: 49.444 GC heap after
Heap after GC invocations=17 (full 2):
 PSYoungGen      total 125440K, used 18639K [0x00000000e0000000, 0x00000000e9880000, 0x0000000100000000)
  eden space 104448K, 0% used [0x00000000e0000000,0x00000000e0000000,0x00000000e6600000)
  from space 20992K, 88% used [0x00000000e6600000,0x00000000e7833c90,0x00000000e7a80000)
  to   space 23040K, 0% used [0x00000000e8200000,0x00000000e8200000,0x00000000e9880000)
 ParOldGen       total 104960K, used 29129K [0x00000000a0000000, 0x00000000a6680000, 0x00000000e0000000)
  object space 104960K, 27% used [0x00000000a0000000,0x00000000a1c72450,0x00000000a6680000)
 Metaspace       used 52013K, capacity 54070K, committed 54272K, reserved 1095680K
  class space    used 7122K, capacity 7660K, committed 7680K, reserved 1048576K
}
Event: 49.444 GC heap before
{Heap before GC invocations=18 (full 3):
 PSYoungGen      total 125440K, used 18639K [0x00000000e0000000, 0x00000000e9880000, 0x0000000100000000)
  eden space 104448K, 0% used [0x00000000e0000000,0x00000000e0000000,0x00000000e6600000)
  from space 20992K, 88% used [0x00000000e6600000,0x00000000e7833c90,0x00000000e7a80000)
  to   space 23040K, 0% used [0x00000000e8200000,0x00000000e8200000,0x00000000e9880000)
 ParOldGen       total 104960K, used 29129K [0x00000000a0000000, 0x00000000a6680000, 0x00000000e0000000)
  object space 104960K, 27% used [0x00000000a0000000,0x00000000a1c72450,0x00000000a6680000)
 Metaspace       used 52013K, capacity 54070K, committed 54272K, reserved 1095680K
  class space    used 7122K, capacity 7660K, committed 7680K, reserved 1048576K
Event: 50.540 GC heap after
Heap after GC invocations=18 (full 3):
 PSYoungGen      total 125440K, used 0K [0x00000000e0000000, 0x00000000e9880000, 0x0000000100000000)
  eden space 104448K, 0% used [0x00000000e0000000,0x00000000e0000000,0x00000000e6600000)
  from space 20992K, 0% used [0x00000000e6600000,0x00000000e6600000,0x00000000e7a80000)
  to   space 23040K, 0% used [0x00000000e8200000,0x00000000e8200000,0x00000000e9880000)
 ParOldGen       total 104960K, used 43667K [0x00000000a0000000, 0x00000000a6680000, 0x00000000e0000000)
  object space 104960K, 41% used [0x00000000a0000000,0x00000000a2aa4c00,0x00000000a6680000)
 Metaspace       used 52013K, capacity 54070K, committed 54272K, reserved 1095680K
  class space    used 7122K, capacity 7660K, committed 7680K, reserved 1048576K
}
Event: 79.834 GC heap before
{Heap before GC invocations=19 (full 3):
 PSYoungGen      total 125440K, used 104448K [0x00000000e0000000, 0x00000000e9880000, 0x0000000100000000)
  eden space 104448K, 100% used [0x00000000e0000000,0x00000000e6600000,0x00000000e6600000)
  from space 20992K, 0% used [0x00000000e6600000,0x00000000e6600000,0x00000000e7a80000)
  to   space 23040K, 0% used [0x00000000e8200000,0x00000000e8200000,0x00000000e9880000)
 ParOldGen       total 104960K, used 43667K [0x00000000a0000000, 0x00000000a6680000, 0x00000000e0000000)
  object space 104960K, 41% used [0x00000000a0000000,0x00000000a2aa4c00,0x00000000a6680000)
 Metaspace       used 55584K, capacity 57840K, committed 58112K, reserved 1099776K
  class space    used 7569K, capacity 8131K, committed 8192K, reserved 1048576K
Event: 79.845 GC heap after
Heap after GC invocations=19 (full 3):
 PSYoungGen      total 127488K, used 5804K [0x00000000e0000000, 0x00000000e9880000, 0x0000000100000000)
  eden space 104448K, 0% used [0x00000000e0000000,0x00000000e0000000,0x00000000e6600000)
  from space 23040K, 25% used [0x00000000e8200000,0x00000000e87ab0f8,0x00000000e9880000)
  to   space 20992K, 0% used [0x00000000e6600000,0x00000000e6600000,0x00000000e7a80000)
 ParOldGen       total 104960K, used 43675K [0x00000000a0000000, 0x00000000a6680000, 0x00000000e0000000)
  object space 104960K, 41% used [0x00000000a0000000,0x00000000a2aa6c00,0x00000000a6680000)
 Metaspace       used 55584K, capacity 57840K, committed 58112K, reserved 1099776K
  class space    used 7569K, capacity 8131K, committed 8192K, reserved 1048576K
}

